{"C:\\Users\\PC\\Desktop\\HR\\app\\src\\app\\api\\requests\\route.ts": {"path":"C:\\Users\\PC\\Desktop\\HR\\app\\src\\app\\api\\requests\\route.ts","statementMap":{"0":{"start":{"line":67,"column":22},"end":{"line":67,"column":25}},"1":{"start":{"line":6,"column":22},"end":{"line":6,"column":26}},"2":{"start":{"line":1,"column":42},"end":{"line":1,"column":null}},"3":{"start":{"line":2,"column":23},"end":{"line":2,"column":null}},"4":{"start":{"line":3,"column":60},"end":{"line":3,"column":null}},"5":{"start":{"line":4,"column":31},"end":{"line":4,"column":null}},"6":{"start":{"line":7,"column":18},"end":{"line":7,"column":null}},"7":{"start":{"line":8,"column":2},"end":{"line":10,"column":null}},"8":{"start":{"line":9,"column":4},"end":{"line":9,"column":null}},"9":{"start":{"line":12,"column":2},"end":{"line":64,"column":null}},"10":{"start":{"line":13,"column":17},"end":{"line":13,"column":null}},"11":{"start":{"line":14,"column":19},"end":{"line":14,"column":null}},"12":{"start":{"line":16,"column":4},"end":{"line":21,"column":null}},"13":{"start":{"line":17,"column":6},"end":{"line":19,"column":null}},"14":{"start":{"line":30,"column":8},"end":{"line":30,"column":19}},"15":{"start":{"line":33,"column":4},"end":{"line":35,"column":null}},"16":{"start":{"line":34,"column":6},"end":{"line":34,"column":null}},"17":{"start":{"line":37,"column":23},"end":{"line":39,"column":null}},"18":{"start":{"line":41,"column":4},"end":{"line":46,"column":null}},"19":{"start":{"line":42,"column":6},"end":{"line":44,"column":null}},"20":{"start":{"line":48,"column":20},"end":{"line":59,"column":null}},"21":{"start":{"line":61,"column":4},"end":{"line":61,"column":null}},"22":{"start":{"line":63,"column":4},"end":{"line":63,"column":null}},"23":{"start":{"line":68,"column":2},"end":{"line":103,"column":null}},"24":{"start":{"line":69,"column":25},"end":{"line":69,"column":49}},"25":{"start":{"line":70,"column":18},"end":{"line":74,"column":null}},"26":{"start":{"line":76,"column":19},"end":{"line":76,"column":null}},"27":{"start":{"line":77,"column":4},"end":{"line":82,"column":null}},"28":{"start":{"line":78,"column":6},"end":{"line":80,"column":null}},"29":{"start":{"line":84,"column":48},"end":{"line":84,"column":59}},"30":{"start":{"line":86,"column":21},"end":{"line":98,"column":null}},"31":{"start":{"line":100,"column":4},"end":{"line":100,"column":null}},"32":{"start":{"line":102,"column":4},"end":{"line":102,"column":null}}},"fnMap":{"0":{"name":"POST","decl":{"start":{"line":6,"column":22},"end":{"line":6,"column":26}},"loc":{"start":{"line":6,"column":43},"end":{"line":65,"column":null}}},"1":{"name":"GET","decl":{"start":{"line":67,"column":22},"end":{"line":67,"column":25}},"loc":{"start":{"line":67,"column":42},"end":{"line":104,"column":null}}}},"branchMap":{"0":{"loc":{"start":{"line":8,"column":2},"end":{"line":10,"column":null}},"type":"if","locations":[{"start":{"line":8,"column":2},"end":{"line":10,"column":null}}]},"1":{"loc":{"start":{"line":16,"column":4},"end":{"line":21,"column":null}},"type":"if","locations":[{"start":{"line":16,"column":4},"end":{"line":21,"column":null}}]},"2":{"loc":{"start":{"line":33,"column":4},"end":{"line":35,"column":null}},"type":"if","locations":[{"start":{"line":33,"column":4},"end":{"line":35,"column":null}}]},"3":{"loc":{"start":{"line":41,"column":4},"end":{"line":46,"column":null}},"type":"if","locations":[{"start":{"line":41,"column":4},"end":{"line":46,"column":null}}]},"4":{"loc":{"start":{"line":55,"column":23},"end":{"line":55,"column":null}},"type":"binary-expr","locations":[{"start":{"line":55,"column":23},"end":{"line":55,"column":40}},{"start":{"line":55,"column":40},"end":{"line":55,"column":null}}]},"5":{"loc":{"start":{"line":71,"column":17},"end":{"line":71,"column":null}},"type":"binary-expr","locations":[{"start":{"line":71,"column":17},"end":{"line":71,"column":50}},{"start":{"line":71,"column":50},"end":{"line":71,"column":null}}]},"6":{"loc":{"start":{"line":72,"column":20},"end":{"line":72,"column":null}},"type":"binary-expr","locations":[{"start":{"line":72,"column":20},"end":{"line":72,"column":56}},{"start":{"line":72,"column":56},"end":{"line":72,"column":null}}]},"7":{"loc":{"start":{"line":73,"column":14},"end":{"line":73,"column":null}},"type":"binary-expr","locations":[{"start":{"line":73,"column":14},"end":{"line":73,"column":44}},{"start":{"line":73,"column":44},"end":{"line":73,"column":null}}]},"8":{"loc":{"start":{"line":77,"column":4},"end":{"line":82,"column":null}},"type":"if","locations":[{"start":{"line":77,"column":4},"end":{"line":82,"column":null}}]},"9":{"loc":{"start":{"line":88,"column":19},"end":{"line":88,"column":null}},"type":"binary-expr","locations":[{"start":{"line":88,"column":19},"end":{"line":88,"column":32}},{"start":{"line":88,"column":32},"end":{"line":88,"column":null}}]},"10":{"loc":{"start":{"line":89,"column":22},"end":{"line":89,"column":null}},"type":"binary-expr","locations":[{"start":{"line":89,"column":22},"end":{"line":89,"column":38}},{"start":{"line":89,"column":38},"end":{"line":89,"column":null}}]},"11":{"loc":{"start":{"line":90,"column":16},"end":{"line":90,"column":null}},"type":"binary-expr","locations":[{"start":{"line":90,"column":16},"end":{"line":90,"column":34}},{"start":{"line":90,"column":35},"end":{"line":90,"column":null}}]}},"s":{"0":3,"1":6,"2":1,"3":1,"4":1,"5":1,"6":6,"7":6,"8":1,"9":5,"10":5,"11":5,"12":5,"13":2,"14":3,"15":3,"16":1,"17":2,"18":2,"19":1,"20":1,"21":1,"22":0,"23":3,"24":3,"25":3,"26":3,"27":3,"28":1,"29":2,"30":2,"31":2,"32":0},"f":{"0":6,"1":3},"b":{"0":[1],"1":[2],"2":[1],"3":[1],"4":[1,1],"5":[3,2],"6":[3,2],"7":[3,1],"8":[1],"9":[2,1],"10":[2,1],"11":[2,1]}}
,"C:\\Users\\PC\\Desktop\\HR\\app\\src\\app\\api\\requests\\[id]\\decision\\route.ts": {"path":"C:\\Users\\PC\\Desktop\\HR\\app\\src\\app\\api\\requests\\[id]\\decision\\route.ts","statementMap":{"0":{"start":{"line":6,"column":22},"end":{"line":6,"column":null}},"1":{"start":{"line":1,"column":42},"end":{"line":1,"column":null}},"2":{"start":{"line":2,"column":23},"end":{"line":2,"column":null}},"3":{"start":{"line":3,"column":31},"end":{"line":3,"column":null}},"4":{"start":{"line":4,"column":29},"end":{"line":4,"column":null}},"5":{"start":{"line":10,"column":18},"end":{"line":10,"column":null}},"6":{"start":{"line":11,"column":2},"end":{"line":13,"column":null}},"7":{"start":{"line":12,"column":4},"end":{"line":12,"column":null}},"8":{"start":{"line":15,"column":2},"end":{"line":53,"column":null}},"9":{"start":{"line":16,"column":15},"end":{"line":16,"column":24}},"10":{"start":{"line":17,"column":17},"end":{"line":17,"column":null}},"11":{"start":{"line":18,"column":19},"end":{"line":18,"column":null}},"12":{"start":{"line":20,"column":4},"end":{"line":25,"column":null}},"13":{"start":{"line":21,"column":6},"end":{"line":23,"column":null}},"14":{"start":{"line":27,"column":23},"end":{"line":27,"column":34}},"15":{"start":{"line":29,"column":21},"end":{"line":29,"column":null}},"16":{"start":{"line":30,"column":4},"end":{"line":32,"column":null}},"17":{"start":{"line":31,"column":6},"end":{"line":31,"column":null}},"18":{"start":{"line":34,"column":4},"end":{"line":39,"column":null}},"19":{"start":{"line":35,"column":6},"end":{"line":37,"column":null}},"20":{"start":{"line":41,"column":20},"end":{"line":48,"column":null}},"21":{"start":{"line":50,"column":4},"end":{"line":50,"column":null}},"22":{"start":{"line":52,"column":4},"end":{"line":52,"column":null}}},"fnMap":{"0":{"name":"PATCH","decl":{"start":{"line":6,"column":22},"end":{"line":6,"column":null}},"loc":{"start":{"line":8,"column":40},"end":{"line":54,"column":null}}}},"branchMap":{"0":{"loc":{"start":{"line":11,"column":2},"end":{"line":13,"column":null}},"type":"if","locations":[{"start":{"line":11,"column":2},"end":{"line":13,"column":null}}]},"1":{"loc":{"start":{"line":20,"column":4},"end":{"line":25,"column":null}},"type":"if","locations":[{"start":{"line":20,"column":4},"end":{"line":25,"column":null}}]},"2":{"loc":{"start":{"line":30,"column":4},"end":{"line":32,"column":null}},"type":"if","locations":[{"start":{"line":30,"column":4},"end":{"line":32,"column":null}}]},"3":{"loc":{"start":{"line":34,"column":4},"end":{"line":39,"column":null}},"type":"if","locations":[{"start":{"line":34,"column":4},"end":{"line":39,"column":null}}]},"4":{"loc":{"start":{"line":44,"column":16},"end":{"line":44,"column":null}},"type":"cond-expr","locations":[{"start":{"line":44,"column":39},"end":{"line":44,"column":52}},{"start":{"line":44,"column":52},"end":{"line":44,"column":null}}]}},"s":{"0":7,"1":1,"2":1,"3":1,"4":1,"5":7,"6":7,"7":2,"8":5,"9":5,"10":5,"11":5,"12":5,"13":1,"14":4,"15":4,"16":4,"17":1,"18":3,"19":1,"20":2,"21":2,"22":0},"f":{"0":7},"b":{"0":[2],"1":[1],"2":[1],"3":[1],"4":[1,1]}}
,"C:\\Users\\PC\\Desktop\\HR\\app\\src\\components\\print\\RequestPrintLayout.tsx": {"path":"C:\\Users\\PC\\Desktop\\HR\\app\\src\\components\\print\\RequestPrintLayout.tsx","statementMap":{"0":{"start":{"line":18,"column":24},"end":{"line":18,"column":43}},"1":{"start":{"line":32,"column":20},"end":{"line":34,"column":null}},"2":{"start":{"line":40,"column":25},"end":{"line":40,"column":null}},"3":{"start":{"line":46,"column":25},"end":{"line":46,"column":null}},"4":{"start":{"line":120,"column":18},"end":{"line":120,"column":32}}},"fnMap":{"0":{"name":"RequestPrintLayout","decl":{"start":{"line":18,"column":24},"end":{"line":18,"column":43}},"loc":{"start":{"line":31,"column":26},"end":{"line":192,"column":null}}},"1":{"name":"(anonymous_2)","decl":{"start":{"line":40,"column":19},"end":{"line":40,"column":25}},"loc":{"start":{"line":40,"column":25},"end":{"line":40,"column":null}}},"2":{"name":"(anonymous_3)","decl":{"start":{"line":46,"column":19},"end":{"line":46,"column":25}},"loc":{"start":{"line":46,"column":25},"end":{"line":46,"column":null}}},"3":{"name":"(anonymous_4)","decl":{"start":{"line":119,"column":44},"end":{"line":119,"column":45}},"loc":{"start":{"line":120,"column":18},"end":{"line":120,"column":32}}}},"branchMap":{"0":{"loc":{"start":{"line":25,"column":2},"end":{"line":25,"column":32}},"type":"default-arg","locations":[{"start":{"line":25,"column":12},"end":{"line":25,"column":32}}]},"1":{"loc":{"start":{"line":26,"column":2},"end":{"line":26,"column":40}},"type":"default-arg","locations":[{"start":{"line":26,"column":19},"end":{"line":26,"column":40}}]},"2":{"loc":{"start":{"line":32,"column":20},"end":{"line":34,"column":null}},"type":"cond-expr","locations":[{"start":{"line":33,"column":6},"end":{"line":33,"column":null}},{"start":{"line":34,"column":6},"end":{"line":34,"column":null}}]},"3":{"loc":{"start":{"line":69,"column":11},"end":{"line":69,"column":25}},"type":"binary-expr","locations":[{"start":{"line":69,"column":11},"end":{"line":69,"column":25}}]},"4":{"loc":{"start":{"line":120,"column":43},"end":{"line":120,"column":86}},"type":"cond-expr","locations":[{"start":{"line":120,"column":56},"end":{"line":120,"column":72}},{"start":{"line":120,"column":72},"end":{"line":120,"column":86}}]},"5":{"loc":{"start":{"line":129,"column":11},"end":{"line":129,"column":null}},"type":"binary-expr","locations":[{"start":{"line":129,"column":11},"end":{"line":129,"column":null}}]},"6":{"loc":{"start":{"line":136,"column":22},"end":{"line":136,"column":null}},"type":"cond-expr","locations":[{"start":{"line":136,"column":54},"end":{"line":136,"column":73}},{"start":{"line":136,"column":73},"end":{"line":136,"column":null}}]},"7":{"loc":{"start":{"line":140,"column":21},"end":{"line":140,"column":92}},"type":"binary-expr","locations":[{"start":{"line":140,"column":21},"end":{"line":140,"column":35}},{"start":{"line":140,"column":35},"end":{"line":140,"column":92}}]},"8":{"loc":{"start":{"line":144,"column":19},"end":{"line":144,"column":null}},"type":"cond-expr","locations":[{"start":{"line":144,"column":51},"end":{"line":144,"column":65}},{"start":{"line":144,"column":65},"end":{"line":144,"column":null}}]}},"s":{"0":12,"1":12,"2":0,"3":0,"4":120},"f":{"0":12,"1":0,"2":0,"3":120},"b":{"0":[12],"1":[12],"2":[1,11],"3":[12],"4":[96,24],"5":[12],"6":[1,1],"7":[2,1],"8":[1,1]}}
,"C:\\Users\\PC\\Desktop\\HR\\app\\src\\lib\\orgs.ts": {"path":"C:\\Users\\PC\\Desktop\\HR\\app\\src\\lib\\orgs.ts","statementMap":{"0":{"start":{"line":109,"column":22},"end":{"line":109,"column":40}},"1":{"start":{"line":36,"column":22},"end":{"line":36,"column":34}},"2":{"start":{"line":24,"column":22},"end":{"line":24,"column":35}},"3":{"start":{"line":55,"column":22},"end":{"line":55,"column":38}},"4":{"start":{"line":74,"column":22},"end":{"line":74,"column":32}},"5":{"start":{"line":51,"column":22},"end":{"line":51,"column":34}},"6":{"start":{"line":32,"column":22},"end":{"line":32,"column":35}},"7":{"start":{"line":70,"column":22},"end":{"line":70,"column":38}},"8":{"start":{"line":101,"column":22},"end":{"line":101,"column":32}},"9":{"start":{"line":105,"column":22},"end":{"line":105,"column":35}},"10":{"start":{"line":4,"column":22},"end":{"line":4,"column":35}},"11":{"start":{"line":117,"column":22},"end":{"line":117,"column":37}},"12":{"start":{"line":124,"column":22},"end":{"line":124,"column":31}},"13":{"start":{"line":44,"column":22},"end":{"line":44,"column":34}},"14":{"start":{"line":28,"column":22},"end":{"line":28,"column":35}},"15":{"start":{"line":63,"column":22},"end":{"line":63,"column":38}},"16":{"start":{"line":86,"column":22},"end":{"line":86,"column":32}},"17":{"start":{"line":1,"column":23},"end":{"line":1,"column":null}},"18":{"start":{"line":5,"column":2},"end":{"line":21,"column":null}},"19":{"start":{"line":25,"column":2},"end":{"line":25,"column":null}},"20":{"start":{"line":29,"column":2},"end":{"line":29,"column":null}},"21":{"start":{"line":33,"column":2},"end":{"line":33,"column":null}},"22":{"start":{"line":41,"column":2},"end":{"line":41,"column":null}},"23":{"start":{"line":48,"column":2},"end":{"line":48,"column":null}},"24":{"start":{"line":52,"column":2},"end":{"line":52,"column":null}},"25":{"start":{"line":60,"column":2},"end":{"line":60,"column":null}},"26":{"start":{"line":67,"column":2},"end":{"line":67,"column":null}},"27":{"start":{"line":71,"column":2},"end":{"line":71,"column":null}},"28":{"start":{"line":83,"column":2},"end":{"line":83,"column":null}},"29":{"start":{"line":98,"column":2},"end":{"line":98,"column":null}},"30":{"start":{"line":102,"column":2},"end":{"line":102,"column":null}},"31":{"start":{"line":106,"column":2},"end":{"line":106,"column":null}},"32":{"start":{"line":110,"column":31},"end":{"line":113,"column":null}},"33":{"start":{"line":114,"column":2},"end":{"line":114,"column":null}},"34":{"start":{"line":118,"column":2},"end":{"line":121,"column":null}},"35":{"start":{"line":125,"column":2},"end":{"line":137,"column":null}}},"fnMap":{"0":{"name":"listCompanies","decl":{"start":{"line":4,"column":22},"end":{"line":4,"column":35}},"loc":{"start":{"line":4,"column":22},"end":{"line":22,"column":null}}},"1":{"name":"createCompany","decl":{"start":{"line":24,"column":22},"end":{"line":24,"column":35}},"loc":{"start":{"line":24,"column":76},"end":{"line":26,"column":null}}},"2":{"name":"updateCompany","decl":{"start":{"line":28,"column":22},"end":{"line":28,"column":35}},"loc":{"start":{"line":28,"column":89},"end":{"line":30,"column":null}}},"3":{"name":"deleteCompany","decl":{"start":{"line":32,"column":22},"end":{"line":32,"column":35}},"loc":{"start":{"line":32,"column":46},"end":{"line":34,"column":null}}},"4":{"name":"createBranch","decl":{"start":{"line":36,"column":22},"end":{"line":36,"column":34}},"loc":{"start":{"line":40,"column":1},"end":{"line":42,"column":null}}},"5":{"name":"updateBranch","decl":{"start":{"line":44,"column":22},"end":{"line":44,"column":34}},"loc":{"start":{"line":46,"column":51},"end":{"line":49,"column":null}}},"6":{"name":"deleteBranch","decl":{"start":{"line":51,"column":22},"end":{"line":51,"column":34}},"loc":{"start":{"line":51,"column":45},"end":{"line":53,"column":null}}},"7":{"name":"createDepartment","decl":{"start":{"line":55,"column":22},"end":{"line":55,"column":38}},"loc":{"start":{"line":59,"column":1},"end":{"line":61,"column":null}}},"8":{"name":"updateDepartment","decl":{"start":{"line":63,"column":22},"end":{"line":63,"column":38}},"loc":{"start":{"line":65,"column":51},"end":{"line":68,"column":null}}},"9":{"name":"deleteDepartment","decl":{"start":{"line":70,"column":22},"end":{"line":70,"column":38}},"loc":{"start":{"line":70,"column":49},"end":{"line":72,"column":null}}},"10":{"name":"createUser","decl":{"start":{"line":74,"column":22},"end":{"line":74,"column":32}},"loc":{"start":{"line":82,"column":1},"end":{"line":84,"column":null}}},"11":{"name":"updateUser","decl":{"start":{"line":86,"column":22},"end":{"line":86,"column":32}},"loc":{"start":{"line":96,"column":3},"end":{"line":99,"column":null}}},"12":{"name":"deleteUser","decl":{"start":{"line":101,"column":22},"end":{"line":101,"column":32}},"loc":{"start":{"line":101,"column":43},"end":{"line":103,"column":null}}},"13":{"name":"getDepartment","decl":{"start":{"line":105,"column":22},"end":{"line":105,"column":35}},"loc":{"start":{"line":105,"column":46},"end":{"line":107,"column":null}}},"14":{"name":"companyHasChildren","decl":{"start":{"line":109,"column":22},"end":{"line":109,"column":40}},"loc":{"start":{"line":109,"column":51},"end":{"line":115,"column":null}}},"15":{"name":"listDepartments","decl":{"start":{"line":117,"column":22},"end":{"line":117,"column":37}},"loc":{"start":{"line":117,"column":55},"end":{"line":122,"column":null}}},"16":{"name":"listUsers","decl":{"start":{"line":124,"column":22},"end":{"line":124,"column":31}},"loc":{"start":{"line":124,"column":49},"end":{"line":138,"column":null}}}},"branchMap":{"0":{"loc":{"start":{"line":114,"column":9},"end":{"line":114,"column":null}},"type":"binary-expr","locations":[{"start":{"line":114,"column":9},"end":{"line":114,"column":28}},{"start":{"line":114,"column":28},"end":{"line":114,"column":null}}]}},"s":{"0":3,"1":1,"2":1,"3":1,"4":1,"5":1,"6":1,"7":1,"8":1,"9":2,"10":1,"11":1,"12":1,"13":1,"14":1,"15":1,"16":1,"17":1,"18":1,"19":1,"20":1,"21":1,"22":1,"23":1,"24":1,"25":1,"26":1,"27":1,"28":1,"29":1,"30":1,"31":2,"32":3,"33":3,"34":1,"35":1},"f":{"0":1,"1":1,"2":1,"3":1,"4":1,"5":1,"6":1,"7":1,"8":1,"9":1,"10":1,"11":1,"12":1,"13":2,"14":3,"15":1,"16":1},"b":{"0":[3,2]}}
,"C:\\Users\\PC\\Desktop\\HR\\app\\src\\lib\\reports.ts": {"path":"C:\\Users\\PC\\Desktop\\HR\\app\\src\\lib\\reports.ts","statementMap":{"0":{"start":{"line":64,"column":22},"end":{"line":64,"column":45}},"1":{"start":{"line":36,"column":22},"end":{"line":36,"column":46}},"2":{"start":{"line":1,"column":23},"end":{"line":1,"column":null}},"3":{"start":{"line":17,"column":18},"end":{"line":17,"column":null}},"4":{"start":{"line":17,"column":37},"end":{"line":17,"column":51}},"5":{"start":{"line":18,"column":22},"end":{"line":21,"column":null}},"6":{"start":{"line":22,"column":18},"end":{"line":22,"column":null}},"7":{"start":{"line":22,"column":49},"end":{"line":22,"column":null}},"8":{"start":{"line":24,"column":2},"end":{"line":29,"column":null}},"9":{"start":{"line":24,"column":29},"end":{"line":29,"column":null}},"10":{"start":{"line":42,"column":16},"end":{"line":42,"column":null}},"11":{"start":{"line":43,"column":14},"end":{"line":43,"column":null}},"12":{"start":{"line":45,"column":18},"end":{"line":55,"column":null}},"13":{"start":{"line":57,"column":2},"end":{"line":57,"column":null}},"14":{"start":{"line":69,"column":16},"end":{"line":69,"column":null}},"15":{"start":{"line":70,"column":14},"end":{"line":70,"column":null}},"16":{"start":{"line":72,"column":18},"end":{"line":82,"column":null}},"17":{"start":{"line":84,"column":2},"end":{"line":84,"column":null}}},"fnMap":{"0":{"name":"hydrateNames","decl":{"start":{"line":16,"column":15},"end":{"line":16,"column":28}},"loc":{"start":{"line":16,"column":51},"end":{"line":30,"column":null}}},"1":{"name":"(anonymous_4)","decl":{"start":{"line":17,"column":30},"end":{"line":17,"column":31}},"loc":{"start":{"line":17,"column":37},"end":{"line":17,"column":51}}},"2":{"name":"(anonymous_5)","decl":{"start":{"line":22,"column":42},"end":{"line":22,"column":43}},"loc":{"start":{"line":22,"column":49},"end":{"line":22,"column":null}}},"3":{"name":"(anonymous_6)","decl":{"start":{"line":24,"column":21},"end":{"line":24,"column":22}},"loc":{"start":{"line":24,"column":29},"end":{"line":29,"column":null}}},"4":{"name":"aggregateMonthlySpending","decl":{"start":{"line":36,"column":22},"end":{"line":36,"column":46}},"loc":{"start":{"line":40,"column":23},"end":{"line":58,"column":null}}},"5":{"name":"aggregateAnnualSpending","decl":{"start":{"line":64,"column":22},"end":{"line":64,"column":45}},"loc":{"start":{"line":67,"column":23},"end":{"line":85,"column":null}}}},"branchMap":{"0":{"loc":{"start":{"line":26,"column":20},"end":{"line":26,"column":null}},"type":"binary-expr","locations":[{"start":{"line":26,"column":20},"end":{"line":26,"column":51}},{"start":{"line":26,"column":51},"end":{"line":26,"column":null}}]},"1":{"loc":{"start":{"line":28,"column":15},"end":{"line":28,"column":null}},"type":"binary-expr","locations":[{"start":{"line":28,"column":15},"end":{"line":28,"column":35}},{"start":{"line":28,"column":39},"end":{"line":28,"column":null}}]},"2":{"loc":{"start":{"line":51,"column":10},"end":{"line":51,"column":46}},"type":"cond-expr","locations":[{"start":{"line":51,"column":25},"end":{"line":51,"column":44}},{"start":{"line":51,"column":44},"end":{"line":51,"column":46}}]},"3":{"loc":{"start":{"line":78,"column":10},"end":{"line":78,"column":46}},"type":"cond-expr","locations":[{"start":{"line":78,"column":25},"end":{"line":78,"column":44}},{"start":{"line":78,"column":44},"end":{"line":78,"column":46}}]}},"s":{"0":4,"1":2,"2":1,"3":6,"4":4,"5":6,"6":6,"7":3,"8":6,"9":4,"10":2,"11":2,"12":2,"13":2,"14":4,"15":4,"16":4,"17":4},"f":{"0":6,"1":4,"2":3,"3":4,"4":2,"5":4},"b":{"0":[4,1],"1":[4,1],"2":[0,2],"3":[1,3]}}
,"C:\\Users\\PC\\Desktop\\HR\\app\\src\\lib\\requests.ts": {"path":"C:\\Users\\PC\\Desktop\\HR\\app\\src\\lib\\requests.ts","statementMap":{"0":{"start":{"line":14,"column":22},"end":{"line":14,"column":35}},"1":{"start":{"line":33,"column":22},"end":{"line":33,"column":35}},"2":{"start":{"line":80,"column":22},"end":{"line":80,"column":40}},"3":{"start":{"line":60,"column":22},"end":{"line":60,"column":34}},"4":{"start":{"line":1,"column":23},"end":{"line":1,"column":null}},"5":{"start":{"line":15,"column":2},"end":{"line":26,"column":null}},"6":{"start":{"line":38,"column":19},"end":{"line":38,"column":null}},"7":{"start":{"line":40,"column":2},"end":{"line":42,"column":null}},"8":{"start":{"line":41,"column":4},"end":{"line":41,"column":null}},"9":{"start":{"line":44,"column":2},"end":{"line":46,"column":null}},"10":{"start":{"line":45,"column":4},"end":{"line":45,"column":null}},"11":{"start":{"line":48,"column":18},"end":{"line":55,"column":null}},"12":{"start":{"line":57,"column":2},"end":{"line":57,"column":null}},"13":{"start":{"line":65,"column":2},"end":{"line":77,"column":null}},"14":{"start":{"line":81,"column":2},"end":{"line":89,"column":null}}},"fnMap":{"0":{"name":"createRequest","decl":{"start":{"line":14,"column":22},"end":{"line":14,"column":35}},"loc":{"start":{"line":14,"column":60},"end":{"line":27,"column":null}}},"1":{"name":"decideRequest","decl":{"start":{"line":33,"column":22},"end":{"line":33,"column":35}},"loc":{"start":{"line":36,"column":28},"end":{"line":58,"column":null}}},"2":{"name":"listRequests","decl":{"start":{"line":60,"column":22},"end":{"line":60,"column":34}},"loc":{"start":{"line":64,"column":1},"end":{"line":78,"column":null}}},"3":{"name":"getRequestForPrint","decl":{"start":{"line":80,"column":22},"end":{"line":80,"column":40}},"loc":{"start":{"line":80,"column":51},"end":{"line":90,"column":null}}}},"branchMap":{"0":{"loc":{"start":{"line":23,"column":21},"end":{"line":23,"column":null}},"type":"binary-expr","locations":[{"start":{"line":23,"column":21},"end":{"line":23,"column":39}},{"start":{"line":23,"column":43},"end":{"line":23,"column":null}}]},"1":{"loc":{"start":{"line":40,"column":2},"end":{"line":42,"column":null}},"type":"if","locations":[{"start":{"line":40,"column":2},"end":{"line":42,"column":null}}]},"2":{"loc":{"start":{"line":44,"column":2},"end":{"line":46,"column":null}},"type":"if","locations":[{"start":{"line":44,"column":2},"end":{"line":46,"column":null}}]},"3":{"loc":{"start":{"line":51,"column":14},"end":{"line":51,"column":null}},"type":"cond-expr","locations":[{"start":{"line":51,"column":37},"end":{"line":51,"column":50}},{"start":{"line":51,"column":50},"end":{"line":51,"column":null}}]},"4":{"loc":{"start":{"line":53,"column":18},"end":{"line":53,"column":null}},"type":"binary-expr","locations":[{"start":{"line":53,"column":18},"end":{"line":53,"column":32}},{"start":{"line":53,"column":32},"end":{"line":53,"column":null}}]},"5":{"loc":{"start":{"line":67,"column":17},"end":{"line":67,"column":null}},"type":"binary-expr","locations":[{"start":{"line":67,"column":17},"end":{"line":67,"column":39}},{"start":{"line":67,"column":39},"end":{"line":67,"column":null}}]},"6":{"loc":{"start":{"line":68,"column":20},"end":{"line":68,"column":null}},"type":"binary-expr","locations":[{"start":{"line":68,"column":20},"end":{"line":68,"column":45}},{"start":{"line":68,"column":45},"end":{"line":68,"column":null}}]},"7":{"loc":{"start":{"line":69,"column":14},"end":{"line":69,"column":null}},"type":"binary-expr","locations":[{"start":{"line":69,"column":14},"end":{"line":69,"column":33}},{"start":{"line":69,"column":33},"end":{"line":69,"column":null}}]}},"s":{"0":2,"1":5,"2":1,"3":2,"4":1,"5":2,"6":5,"7":5,"8":1,"9":4,"10":1,"11":3,"12":3,"13":2,"14":1},"f":{"0":2,"1":5,"2":2,"3":1},"b":{"0":[2,1],"1":[1],"2":[1],"3":[2,1],"4":[3,1],"5":[2,1],"6":[2,1],"7":[2,1]}}
,"C:\\Users\\PC\\Desktop\\HR\\app\\src\\lib\\validation.ts": {"path":"C:\\Users\\PC\\Desktop\\HR\\app\\src\\lib\\validation.ts","statementMap":{"0":{"start":{"line":50,"column":13},"end":{"line":50,"column":25}},"1":{"start":{"line":41,"column":13},"end":{"line":41,"column":26}},"2":{"start":{"line":6,"column":13},"end":{"line":6,"column":32}},"3":{"start":{"line":37,"column":13},"end":{"line":37,"column":27}},"4":{"start":{"line":56,"column":13},"end":{"line":56,"column":29}},"5":{"start":{"line":31,"column":13},"end":{"line":31,"column":35}},"6":{"start":{"line":80,"column":13},"end":{"line":80,"column":30}},"7":{"start":{"line":62,"column":13},"end":{"line":62,"column":23}},"8":{"start":{"line":1,"column":18},"end":{"line":1,"column":null}},"9":{"start":{"line":3,"column":11},"end":{"line":4,"column":null}},"10":{"start":{"line":4,"column":2},"end":{"line":4,"column":null}},"11":{"start":{"line":6,"column":35},"end":{"line":29,"column":null}},"12":{"start":{"line":31,"column":38},"end":{"line":35,"column":null}},"13":{"start":{"line":37,"column":30},"end":{"line":39,"column":null}},"14":{"start":{"line":41,"column":29},"end":{"line":48,"column":null}},"15":{"start":{"line":50,"column":28},"end":{"line":54,"column":null}},"16":{"start":{"line":56,"column":32},"end":{"line":60,"column":null}},"17":{"start":{"line":62,"column":26},"end":{"line":78,"column":null}},"18":{"start":{"line":80,"column":33},"end":{"line":85,"column":null}}},"fnMap":{"0":{"name":"(anonymous_9)","decl":{"start":{"line":3,"column":11},"end":{"line":3,"column":12}},"loc":{"start":{"line":4,"column":2},"end":{"line":4,"column":null}}}},"branchMap":{},"s":{"0":1,"1":1,"2":16,"3":8,"4":1,"5":7,"6":0,"7":5,"8":4,"9":4,"10":24,"11":4,"12":4,"13":4,"14":4,"15":4,"16":4,"17":4,"18":4},"f":{"0":24},"b":{}}
}
