TN:
SF:src\app\api\requests\route.ts
FN:6,POST
FN:67,GET
FNF:2
FNH:2
FNDA:6,POST
FNDA:3,GET
DA:1,1
DA:2,1
DA:3,1
DA:4,1
DA:6,6
DA:7,6
DA:8,6
DA:9,1
DA:12,5
DA:13,5
DA:14,5
DA:16,5
DA:17,2
DA:30,3
DA:33,3
DA:34,1
DA:37,2
DA:41,2
DA:42,1
DA:48,1
DA:61,1
DA:63,0
DA:67,3
DA:68,3
DA:69,3
DA:70,3
DA:76,3
DA:77,3
DA:78,1
DA:84,2
DA:86,2
DA:100,2
DA:102,0
LF:33
LH:31
BRDA:8,0,0,1
BRDA:16,1,0,2
BRDA:33,2,0,1
BRDA:41,3,0,1
BRDA:55,4,0,1
BRDA:55,4,1,1
BRDA:71,5,0,3
BRDA:71,5,1,2
BRDA:72,6,0,3
BRDA:72,6,1,2
BRDA:73,7,0,3
BRDA:73,7,1,1
BRDA:77,8,0,1
BRDA:88,9,0,2
BRDA:88,9,1,1
BRDA:89,10,0,2
BRDA:89,10,1,1
BRDA:90,11,0,2
BRDA:90,11,1,1
BRF:19
BRH:19
end_of_record
TN:
SF:src\app\api\requests\[id]\decision\route.ts
FN:6,PATCH
FNF:1
FNH:1
FNDA:7,PATCH
DA:1,1
DA:2,1
DA:3,1
DA:4,1
DA:6,7
DA:10,7
DA:11,7
DA:12,2
DA:15,5
DA:16,5
DA:17,5
DA:18,5
DA:20,5
DA:21,1
DA:27,4
DA:29,4
DA:30,4
DA:31,1
DA:34,3
DA:35,1
DA:41,2
DA:50,2
DA:52,0
LF:23
LH:22
BRDA:11,0,0,2
BRDA:20,1,0,1
BRDA:30,2,0,1
BRDA:34,3,0,1
BRDA:44,4,0,1
BRDA:44,4,1,1
BRF:6
BRH:6
end_of_record
TN:
SF:src\components\print\RequestPrintLayout.tsx
FN:18,RequestPrintLayout
FN:40,(anonymous_2)
FN:46,(anonymous_3)
FN:119,(anonymous_4)
FNF:4
FNH:2
FNDA:12,RequestPrintLayout
FNDA:0,(anonymous_2)
FNDA:0,(anonymous_3)
FNDA:120,(anonymous_4)
DA:18,12
DA:32,12
DA:40,0
DA:46,0
DA:120,120
LF:5
LH:3
BRDA:25,0,0,12
BRDA:26,1,0,12
BRDA:32,2,0,1
BRDA:32,2,1,11
BRDA:69,3,0,12
BRDA:120,4,0,96
BRDA:120,4,1,24
BRDA:129,5,0,12
BRDA:136,6,0,1
BRDA:136,6,1,1
BRDA:140,7,0,2
BRDA:140,7,1,1
BRDA:144,8,0,1
BRDA:144,8,1,1
BRF:14
BRH:14
end_of_record
TN:
SF:src\lib\orgs.ts
FN:4,listCompanies
FN:24,createCompany
FN:28,updateCompany
FN:32,deleteCompany
FN:36,createBranch
FN:44,updateBranch
FN:51,deleteBranch
FN:55,createDepartment
FN:63,updateDepartment
FN:70,deleteDepartment
FN:74,createUser
FN:86,updateUser
FN:101,deleteUser
FN:105,getDepartment
FN:109,companyHasChildren
FN:117,listDepartments
FN:124,listUsers
FNF:17
FNH:17
FNDA:1,listCompanies
FNDA:1,createCompany
FNDA:1,updateCompany
FNDA:1,deleteCompany
FNDA:1,createBranch
FNDA:1,updateBranch
FNDA:1,deleteBranch
FNDA:1,createDepartment
FNDA:1,updateDepartment
FNDA:1,deleteDepartment
FNDA:1,createUser
FNDA:1,updateUser
FNDA:1,deleteUser
FNDA:2,getDepartment
FNDA:3,companyHasChildren
FNDA:1,listDepartments
FNDA:1,listUsers
DA:1,1
DA:4,1
DA:5,1
DA:24,1
DA:25,1
DA:28,1
DA:29,1
DA:32,1
DA:33,1
DA:36,1
DA:41,1
DA:44,1
DA:48,1
DA:51,1
DA:52,1
DA:55,1
DA:60,1
DA:63,1
DA:67,1
DA:70,1
DA:71,1
DA:74,1
DA:83,1
DA:86,1
DA:98,1
DA:101,1
DA:102,1
DA:105,2
DA:106,2
DA:109,3
DA:110,3
DA:114,3
DA:117,1
DA:118,1
DA:124,1
DA:125,1
LF:36
LH:36
BRDA:114,0,0,3
BRDA:114,0,1,2
BRF:2
BRH:2
end_of_record
TN:
SF:src\lib\reports.ts
FN:16,hydrateNames
FN:17,(anonymous_4)
FN:22,(anonymous_5)
FN:24,(anonymous_6)
FN:36,aggregateMonthlySpending
FN:64,aggregateAnnualSpending
FNF:6
FNH:6
FNDA:6,hydrateNames
FNDA:4,(anonymous_4)
FNDA:3,(anonymous_5)
FNDA:4,(anonymous_6)
FNDA:2,aggregateMonthlySpending
FNDA:4,aggregateAnnualSpending
DA:1,1
DA:17,6
DA:18,6
DA:22,6
DA:24,6
DA:36,2
DA:42,2
DA:43,2
DA:45,2
DA:57,2
DA:64,4
DA:69,4
DA:70,4
DA:72,4
DA:84,4
LF:15
LH:15
BRDA:26,0,0,4
BRDA:26,0,1,1
BRDA:28,1,0,4
BRDA:28,1,1,1
BRDA:51,2,0,0
BRDA:51,2,1,2
BRDA:78,3,0,1
BRDA:78,3,1,3
BRF:8
BRH:7
end_of_record
TN:
SF:src\lib\requests.ts
FN:14,createRequest
FN:33,decideRequest
FN:60,listRequests
FN:80,getRequestForPrint
FNF:4
FNH:4
FNDA:2,createRequest
FNDA:5,decideRequest
FNDA:2,listRequests
FNDA:1,getRequestForPrint
DA:1,1
DA:14,2
DA:15,2
DA:33,5
DA:38,5
DA:40,5
DA:41,1
DA:44,4
DA:45,1
DA:48,3
DA:57,3
DA:60,2
DA:65,2
DA:80,1
DA:81,1
LF:15
LH:15
BRDA:23,0,0,2
BRDA:23,0,1,1
BRDA:40,1,0,1
BRDA:44,2,0,1
BRDA:51,3,0,2
BRDA:51,3,1,1
BRDA:53,4,0,3
BRDA:53,4,1,1
BRDA:67,5,0,2
BRDA:67,5,1,1
BRDA:68,6,0,2
BRDA:68,6,1,1
BRDA:69,7,0,2
BRDA:69,7,1,1
BRF:14
BRH:14
end_of_record
TN:
SF:src\lib\validation.ts
FN:3,(anonymous_9)
FNF:1
FNH:1
FNDA:24,(anonymous_9)
DA:1,4
DA:3,4
DA:4,24
DA:6,16
DA:31,7
DA:37,8
DA:41,4
DA:50,4
DA:56,4
DA:62,5
DA:80,4
LF:11
LH:11
BRF:0
BRH:0
end_of_record
